mode: set
github.com/monetas/bmutil/wire/msgverack.go:23.49,25.2 1 1
github.com/monetas/bmutil/wire/msgverack.go:29.49,31.2 1 1
github.com/monetas/bmutil/wire/msgverack.go:35.40,37.2 1 1
github.com/monetas/bmutil/wire/msgverack.go:41.46,43.2 1 1
github.com/monetas/bmutil/wire/msgverack.go:47.32,49.2 1 1
github.com/monetas/bmutil/wire/msgversion.go:68.61,69.37 1 1
github.com/monetas/bmutil/wire/msgversion.go:72.2,72.14 1 1
github.com/monetas/bmutil/wire/msgversion.go:69.37,71.3 1 1
github.com/monetas/bmutil/wire/msgversion.go:77.56,79.2 1 1
github.com/monetas/bmutil/wire/msgversion.go:83.50,86.16 3 1
github.com/monetas/bmutil/wire/msgversion.go:89.2,93.16 4 1
github.com/monetas/bmutil/wire/msgversion.go:97.2,99.16 3 1
github.com/monetas/bmutil/wire/msgversion.go:102.2,103.16 2 1
github.com/monetas/bmutil/wire/msgversion.go:106.2,107.16 2 1
github.com/monetas/bmutil/wire/msgversion.go:110.2,111.16 2 1
github.com/monetas/bmutil/wire/msgversion.go:114.2,117.16 3 1
github.com/monetas/bmutil/wire/msgversion.go:121.2,121.28 1 1
github.com/monetas/bmutil/wire/msgversion.go:125.2,127.41 3 1
github.com/monetas/bmutil/wire/msgversion.go:135.2,135.12 1 1
github.com/monetas/bmutil/wire/msgversion.go:86.16,88.3 1 1
github.com/monetas/bmutil/wire/msgversion.go:93.16,95.3 1 1
github.com/monetas/bmutil/wire/msgversion.go:99.16,101.3 1 1
github.com/monetas/bmutil/wire/msgversion.go:103.16,105.3 1 1
github.com/monetas/bmutil/wire/msgversion.go:107.16,109.3 1 1
github.com/monetas/bmutil/wire/msgversion.go:111.16,113.3 1 1
github.com/monetas/bmutil/wire/msgversion.go:117.16,119.3 1 1
github.com/monetas/bmutil/wire/msgversion.go:121.28,123.3 1 1
github.com/monetas/bmutil/wire/msgversion.go:127.41,130.17 3 1
github.com/monetas/bmutil/wire/msgversion.go:130.17,132.4 1 1
github.com/monetas/bmutil/wire/msgversion.go:140.50,142.16 2 1
github.com/monetas/bmutil/wire/msgversion.go:146.2,148.16 2 1
github.com/monetas/bmutil/wire/msgversion.go:152.2,153.16 2 1
github.com/monetas/bmutil/wire/msgversion.go:157.2,158.16 2 1
github.com/monetas/bmutil/wire/msgversion.go:162.2,163.16 2 1
github.com/monetas/bmutil/wire/msgversion.go:167.2,168.16 2 1
github.com/monetas/bmutil/wire/msgversion.go:172.2,173.16 2 1
github.com/monetas/bmutil/wire/msgversion.go:177.2,177.41 1 1
github.com/monetas/bmutil/wire/msgversion.go:181.2,181.43 1 1
github.com/monetas/bmutil/wire/msgversion.go:188.2,188.12 1 1
github.com/monetas/bmutil/wire/msgversion.go:142.16,144.3 1 1
github.com/monetas/bmutil/wire/msgversion.go:148.16,150.3 1 1
github.com/monetas/bmutil/wire/msgversion.go:153.16,155.3 1 1
github.com/monetas/bmutil/wire/msgversion.go:158.16,160.3 1 1
github.com/monetas/bmutil/wire/msgversion.go:163.16,165.3 1 1
github.com/monetas/bmutil/wire/msgversion.go:168.16,170.3 1 1
github.com/monetas/bmutil/wire/msgversion.go:173.16,175.3 1 1
github.com/monetas/bmutil/wire/msgversion.go:177.41,179.3 1 1
github.com/monetas/bmutil/wire/msgversion.go:181.43,183.17 2 1
github.com/monetas/bmutil/wire/msgversion.go:183.17,185.4 1 1
github.com/monetas/bmutil/wire/msgversion.go:193.41,195.2 1 1
github.com/monetas/bmutil/wire/msgversion.go:199.47,210.2 1 1
github.com/monetas/bmutil/wire/msgversion.go:215.97,226.2 1 1
github.com/monetas/bmutil/wire/msgversion.go:231.121,235.16 2 1
github.com/monetas/bmutil/wire/msgversion.go:240.2,241.16 2 1
github.com/monetas/bmutil/wire/msgversion.go:245.2,245.56 1 1
github.com/monetas/bmutil/wire/msgversion.go:235.16,237.3 1 1
github.com/monetas/bmutil/wire/msgversion.go:241.16,243.3 1 1
github.com/monetas/bmutil/wire/msgversion.go:249.48,250.38 1 1
github.com/monetas/bmutil/wire/msgversion.go:255.2,255.12 1 1
github.com/monetas/bmutil/wire/msgversion.go:250.38,254.3 2 1
github.com/monetas/bmutil/wire/msgversion.go:262.28,265.24 2 1
github.com/monetas/bmutil/wire/msgversion.go:269.2,271.16 3 1
github.com/monetas/bmutil/wire/msgversion.go:274.2,275.12 2 1
github.com/monetas/bmutil/wire/msgversion.go:265.24,268.3 1 1
github.com/monetas/bmutil/wire/msgversion.go:271.16,273.3 1 1
github.com/monetas/bmutil/wire/pubkey.go:31.38,33.2 1 1
github.com/monetas/bmutil/wire/pubkey.go:36.38,41.2 3 1
github.com/monetas/bmutil/wire/pubkey.go:45.56,47.25 2 1
github.com/monetas/bmutil/wire/pubkey.go:51.2,53.12 2 1
github.com/monetas/bmutil/wire/pubkey.go:47.25,50.3 1 1
github.com/monetas/bmutil/wire/pubkey.go:57.52,59.2 1 1
github.com/monetas/bmutil/wire/pubkey.go:63.67,69.2 4 1
github.com/monetas/bmutil/wire/pubkey.go:73.49,76.16 3 1
github.com/monetas/bmutil/wire/pubkey.go:79.2,79.21 1 1
github.com/monetas/bmutil/wire/pubkey.go:76.16,78.3 1 1
github.com/monetas/bmutil/wire/pubkey.go:84.55,86.40 1 1
github.com/monetas/bmutil/wire/pubkey.go:91.2,92.16 2 1
github.com/monetas/bmutil/wire/pubkey.go:96.2,96.23 1 1
github.com/monetas/bmutil/wire/pubkey.go:86.40,88.3 1 1
github.com/monetas/bmutil/wire/pubkey.go:92.16,94.3 1 1
github.com/monetas/bmutil/wire/msgunknownobject.go:27.56,31.16 3 1
github.com/monetas/bmutil/wire/msgunknownobject.go:35.2,35.36 1 1
github.com/monetas/bmutil/wire/msgunknownobject.go:40.2,42.12 2 1
github.com/monetas/bmutil/wire/msgunknownobject.go:31.16,33.3 1 1
github.com/monetas/bmutil/wire/msgunknownobject.go:35.36,38.3 2 1
github.com/monetas/bmutil/wire/msgunknownobject.go:47.56,50.16 2 1
github.com/monetas/bmutil/wire/msgunknownobject.go:54.2,55.12 2 1
github.com/monetas/bmutil/wire/msgunknownobject.go:50.16,52.3 1 1
github.com/monetas/bmutil/wire/msgunknownobject.go:60.47,62.2 1 1
github.com/monetas/bmutil/wire/msgunknownobject.go:66.53,68.2 1 1
github.com/monetas/bmutil/wire/msgunknownobject.go:70.46,72.2 1 1
github.com/monetas/bmutil/wire/msgunknownobject.go:77.146,86.2 1 1
github.com/monetas/bmutil/wire/protocol.go:35.38,37.12 1 1
github.com/monetas/bmutil/wire/protocol.go:42.2,43.36 2 1
github.com/monetas/bmutil/wire/protocol.go:51.2,52.12 2 1
github.com/monetas/bmutil/wire/protocol.go:55.2,56.10 2 1
github.com/monetas/bmutil/wire/protocol.go:37.12,39.3 1 1
github.com/monetas/bmutil/wire/protocol.go:43.36,44.21 1 1
github.com/monetas/bmutil/wire/protocol.go:44.21,47.4 2 1
github.com/monetas/bmutil/wire/protocol.go:52.12,54.3 1 1
github.com/monetas/bmutil/wire/protocol.go:78.40,79.31 1 1
github.com/monetas/bmutil/wire/protocol.go:83.2,83.61 1 1
github.com/monetas/bmutil/wire/protocol.go:79.31,81.3 1 1
github.com/monetas/bmutil/wire/shahash.go:32.37,34.2 1 1
github.com/monetas/bmutil/wire/shahash.go:37.37,42.2 3 1
github.com/monetas/bmutil/wire/shahash.go:46.53,48.23 2 1
github.com/monetas/bmutil/wire/shahash.go:52.2,54.12 2 1
github.com/monetas/bmutil/wire/shahash.go:48.23,51.3 1 1
github.com/monetas/bmutil/wire/shahash.go:58.52,59.19 1 1
github.com/monetas/bmutil/wire/shahash.go:62.2,62.40 1 1
github.com/monetas/bmutil/wire/shahash.go:59.19,61.3 1 1
github.com/monetas/bmutil/wire/shahash.go:67.51,70.16 3 1
github.com/monetas/bmutil/wire/shahash.go:73.2,73.17 1 1
github.com/monetas/bmutil/wire/shahash.go:70.16,72.3 1 1
github.com/monetas/bmutil/wire/shahash.go:78.55,80.33 1 1
github.com/monetas/bmutil/wire/shahash.go:85.2,86.16 2 1
github.com/monetas/bmutil/wire/shahash.go:90.2,90.24 1 1
github.com/monetas/bmutil/wire/shahash.go:80.33,82.3 1 1
github.com/monetas/bmutil/wire/shahash.go:86.16,88.3 1 1
github.com/monetas/bmutil/wire/common.go:19.58,24.29 2 1
github.com/monetas/bmutil/wire/common.go:159.2,159.50 1 1
github.com/monetas/bmutil/wire/common.go:25.2,28.17 3 1
github.com/monetas/bmutil/wire/common.go:31.3,32.13 2 1
github.com/monetas/bmutil/wire/common.go:34.2,37.17 3 1
github.com/monetas/bmutil/wire/common.go:40.3,41.13 2 1
github.com/monetas/bmutil/wire/common.go:43.2,46.17 3 1
github.com/monetas/bmutil/wire/common.go:49.3,50.13 2 1
github.com/monetas/bmutil/wire/common.go:52.2,55.17 3 1
github.com/monetas/bmutil/wire/common.go:58.3,59.13 2 1
github.com/monetas/bmutil/wire/common.go:61.2,64.17 3 1
github.com/monetas/bmutil/wire/common.go:67.3,68.13 2 1
github.com/monetas/bmutil/wire/common.go:70.2,73.17 3 1
github.com/monetas/bmutil/wire/common.go:76.3,76.19 1 1
github.com/monetas/bmutil/wire/common.go:81.3,81.13 1 1
github.com/monetas/bmutil/wire/common.go:84.2,86.17 2 1
github.com/monetas/bmutil/wire/common.go:89.3,89.13 1 1
github.com/monetas/bmutil/wire/common.go:92.2,94.17 2 1
github.com/monetas/bmutil/wire/common.go:97.3,97.13 1 1
github.com/monetas/bmutil/wire/common.go:100.2,103.17 3 1
github.com/monetas/bmutil/wire/common.go:106.3,107.13 2 1
github.com/monetas/bmutil/wire/common.go:110.2,112.17 2 1
github.com/monetas/bmutil/wire/common.go:115.3,115.13 1 1
github.com/monetas/bmutil/wire/common.go:117.2,119.17 2 1
github.com/monetas/bmutil/wire/common.go:122.3,122.13 1 1
github.com/monetas/bmutil/wire/common.go:124.2,126.17 2 1
github.com/monetas/bmutil/wire/common.go:129.3,129.13 1 1
github.com/monetas/bmutil/wire/common.go:131.2,133.17 2 1
github.com/monetas/bmutil/wire/common.go:136.3,136.13 1 1
github.com/monetas/bmutil/wire/common.go:138.2,141.17 3 1
github.com/monetas/bmutil/wire/common.go:144.3,145.13 2 1
github.com/monetas/bmutil/wire/common.go:147.2,150.17 3 1
github.com/monetas/bmutil/wire/common.go:153.3,154.13 2 1
github.com/monetas/bmutil/wire/common.go:28.17,30.4 1 1
github.com/monetas/bmutil/wire/common.go:37.17,39.4 1 1
github.com/monetas/bmutil/wire/common.go:46.17,48.4 1 1
github.com/monetas/bmutil/wire/common.go:55.17,57.4 1 1
github.com/monetas/bmutil/wire/common.go:64.17,66.4 1 1
github.com/monetas/bmutil/wire/common.go:73.17,75.4 1 1
github.com/monetas/bmutil/wire/common.go:76.19,78.4 1 1
github.com/monetas/bmutil/wire/common.go:78.4,80.4 1 1
github.com/monetas/bmutil/wire/common.go:86.17,88.4 1 1
github.com/monetas/bmutil/wire/common.go:94.17,96.4 1 1
github.com/monetas/bmutil/wire/common.go:103.17,105.4 1 1
github.com/monetas/bmutil/wire/common.go:112.17,114.4 1 1
github.com/monetas/bmutil/wire/common.go:119.17,121.4 1 1
github.com/monetas/bmutil/wire/common.go:126.17,128.4 1 1
github.com/monetas/bmutil/wire/common.go:133.17,135.4 1 1
github.com/monetas/bmutil/wire/common.go:141.17,143.4 1 1
github.com/monetas/bmutil/wire/common.go:150.17,152.4 1 1
github.com/monetas/bmutil/wire/common.go:164.63,165.35 1 1
github.com/monetas/bmutil/wire/common.go:171.2,171.12 1 1
github.com/monetas/bmutil/wire/common.go:165.35,167.17 2 1
github.com/monetas/bmutil/wire/common.go:167.17,169.4 1 1
github.com/monetas/bmutil/wire/common.go:175.59,180.29 2 1
github.com/monetas/bmutil/wire/common.go:315.2,315.51 1 1
github.com/monetas/bmutil/wire/common.go:181.2,185.17 4 1
github.com/monetas/bmutil/wire/common.go:188.3,188.13 1 1
github.com/monetas/bmutil/wire/common.go:190.2,194.17 4 1
github.com/monetas/bmutil/wire/common.go:197.3,197.13 1 1
github.com/monetas/bmutil/wire/common.go:199.2,203.17 4 1
github.com/monetas/bmutil/wire/common.go:206.3,206.13 1 1
github.com/monetas/bmutil/wire/common.go:208.2,212.17 4 1
github.com/monetas/bmutil/wire/common.go:215.3,215.13 1 1
github.com/monetas/bmutil/wire/common.go:217.2,221.17 4 1
github.com/monetas/bmutil/wire/common.go:224.3,224.13 1 1
github.com/monetas/bmutil/wire/common.go:226.2,228.16 2 1
github.com/monetas/bmutil/wire/common.go:233.3,234.17 2 1
github.com/monetas/bmutil/wire/common.go:237.3,237.13 1 1
github.com/monetas/bmutil/wire/common.go:240.2,242.17 2 1
github.com/monetas/bmutil/wire/common.go:245.3,245.13 1 1
github.com/monetas/bmutil/wire/common.go:248.2,250.17 2 1
github.com/monetas/bmutil/wire/common.go:253.3,253.13 1 1
github.com/monetas/bmutil/wire/common.go:256.2,260.17 4 1
github.com/monetas/bmutil/wire/common.go:263.3,263.13 1 1
github.com/monetas/bmutil/wire/common.go:266.2,268.17 2 1
github.com/monetas/bmutil/wire/common.go:271.3,271.13 1 1
github.com/monetas/bmutil/wire/common.go:273.2,275.17 2 1
github.com/monetas/bmutil/wire/common.go:278.3,278.13 1 1
github.com/monetas/bmutil/wire/common.go:280.2,282.17 2 1
github.com/monetas/bmutil/wire/common.go:285.3,285.13 1 1
github.com/monetas/bmutil/wire/common.go:287.2,289.17 2 1
github.com/monetas/bmutil/wire/common.go:292.3,292.13 1 1
github.com/monetas/bmutil/wire/common.go:294.2,298.17 4 1
github.com/monetas/bmutil/wire/common.go:301.3,301.13 1 1
github.com/monetas/bmutil/wire/common.go:303.2,307.17 4 1
github.com/monetas/bmutil/wire/common.go:310.3,310.13 1 1
github.com/monetas/bmutil/wire/common.go:185.17,187.4 1 1
github.com/monetas/bmutil/wire/common.go:194.17,196.4 1 1
github.com/monetas/bmutil/wire/common.go:203.17,205.4 1 1
github.com/monetas/bmutil/wire/common.go:212.17,214.4 1 1
github.com/monetas/bmutil/wire/common.go:221.17,223.4 1 1
github.com/monetas/bmutil/wire/common.go:228.16,230.4 1 1
github.com/monetas/bmutil/wire/common.go:230.4,232.4 1 1
github.com/monetas/bmutil/wire/common.go:234.17,236.4 1 1
github.com/monetas/bmutil/wire/common.go:242.17,244.4 1 1
github.com/monetas/bmutil/wire/common.go:250.17,252.4 1 1
github.com/monetas/bmutil/wire/common.go:260.17,262.4 1 1
github.com/monetas/bmutil/wire/common.go:268.17,270.4 1 1
github.com/monetas/bmutil/wire/common.go:275.17,277.4 1 1
github.com/monetas/bmutil/wire/common.go:282.17,284.4 1 1
github.com/monetas/bmutil/wire/common.go:289.17,291.4 1 1
github.com/monetas/bmutil/wire/common.go:298.17,300.4 1 1
github.com/monetas/bmutil/wire/common.go:307.17,309.4 1 1
github.com/monetas/bmutil/wire/common.go:320.64,321.35 1 1
github.com/monetas/bmutil/wire/common.go:327.2,327.12 1 1
github.com/monetas/bmutil/wire/common.go:321.35,323.17 2 1
github.com/monetas/bmutil/wire/common.go:323.17,325.4 1 1
github.com/monetas/bmutil/wire/common.go:333.48,336.16 3 1
github.com/monetas/bmutil/wire/common.go:339.2,339.43 1 1
github.com/monetas/bmutil/wire/common.go:336.16,338.3 1 1
github.com/monetas/bmutil/wire/common.go:343.37,345.2 1 1
github.com/monetas/bmutil/wire/error.go:27.39,28.18 1 1
github.com/monetas/bmutil/wire/error.go:31.2,31.22 1 1
github.com/monetas/bmutil/wire/error.go:28.18,30.3 1 1
github.com/monetas/bmutil/wire/error.go:35.56,37.2 1 1
github.com/monetas/bmutil/wire/invvect.go:31.41,35.2 1 1
github.com/monetas/bmutil/wire/invvect.go:39.50,41.16 2 1
github.com/monetas/bmutil/wire/invvect.go:44.2,44.12 1 1
github.com/monetas/bmutil/wire/invvect.go:41.16,43.3 1 1
github.com/monetas/bmutil/wire/invvect.go:48.51,50.16 2 1
github.com/monetas/bmutil/wire/invvect.go:53.2,53.12 1 1
github.com/monetas/bmutil/wire/invvect.go:50.16,52.3 1 1
github.com/monetas/bmutil/wire/msgpong.go:20.47,22.2 1 1
github.com/monetas/bmutil/wire/msgpong.go:26.47,28.2 1 1
github.com/monetas/bmutil/wire/msgpong.go:32.38,34.2 1 1
github.com/monetas/bmutil/wire/msgpong.go:38.44,40.2 1 1
github.com/monetas/bmutil/wire/msgpong.go:44.28,46.2 1 1
github.com/monetas/bmutil/wire/msggetpubkey.go:35.52,39.16 3 1
github.com/monetas/bmutil/wire/msggetpubkey.go:43.2,43.43 1 1
github.com/monetas/bmutil/wire/msggetpubkey.go:49.2,49.21 1 1
github.com/monetas/bmutil/wire/msggetpubkey.go:64.2,64.12 1 1
github.com/monetas/bmutil/wire/msggetpubkey.go:39.16,41.3 1 1
github.com/monetas/bmutil/wire/msggetpubkey.go:43.43,47.3 2 1
github.com/monetas/bmutil/wire/msggetpubkey.go:50.2,52.48 2 1
github.com/monetas/bmutil/wire/msggetpubkey.go:55.2,57.49 2 1
github.com/monetas/bmutil/wire/msggetpubkey.go:60.2,61.75 1 1
github.com/monetas/bmutil/wire/msggetpubkey.go:52.48,54.4 1 1
github.com/monetas/bmutil/wire/msggetpubkey.go:57.49,59.4 1 1
github.com/monetas/bmutil/wire/msggetpubkey.go:69.52,72.16 2 1
github.com/monetas/bmutil/wire/msggetpubkey.go:76.2,76.21 1 1
github.com/monetas/bmutil/wire/msggetpubkey.go:89.2,89.12 1 1
github.com/monetas/bmutil/wire/msggetpubkey.go:72.16,74.3 1 1
github.com/monetas/bmutil/wire/msggetpubkey.go:77.2,78.49 1 1
github.com/monetas/bmutil/wire/msggetpubkey.go:81.2,82.50 1 1
github.com/monetas/bmutil/wire/msggetpubkey.go:85.2,86.75 1 1
github.com/monetas/bmutil/wire/msggetpubkey.go:78.49,80.4 1 1
github.com/monetas/bmutil/wire/msggetpubkey.go:82.50,84.4 1 1
github.com/monetas/bmutil/wire/msggetpubkey.go:94.43,96.2 1 1
github.com/monetas/bmutil/wire/msggetpubkey.go:100.49,102.2 1 1
github.com/monetas/bmutil/wire/msggetpubkey.go:104.42,106.2 1 1
github.com/monetas/bmutil/wire/msggetpubkey.go:111.129,124.2 1 1
github.com/monetas/bmutil/wire/msgmsg.go:42.46,46.16 3 1
github.com/monetas/bmutil/wire/msgmsg.go:50.2,50.37 1 1
github.com/monetas/bmutil/wire/msgmsg.go:56.2,58.12 2 1
github.com/monetas/bmutil/wire/msgmsg.go:46.16,48.3 1 1
github.com/monetas/bmutil/wire/msgmsg.go:50.37,54.3 2 1
github.com/monetas/bmutil/wire/msgmsg.go:63.46,66.16 2 1
github.com/monetas/bmutil/wire/msgmsg.go:70.2,71.12 2 1
github.com/monetas/bmutil/wire/msgmsg.go:66.16,68.3 1 1
github.com/monetas/bmutil/wire/msgmsg.go:76.37,78.2 1 1
github.com/monetas/bmutil/wire/msgmsg.go:82.43,84.2 1 1
github.com/monetas/bmutil/wire/msgmsg.go:86.36,88.2 1 1
github.com/monetas/bmutil/wire/msgmsg.go:91.56,94.16 2 1
github.com/monetas/bmutil/wire/msgmsg.go:97.2,97.69 1 1
github.com/monetas/bmutil/wire/msgmsg.go:100.2,100.67 1 1
github.com/monetas/bmutil/wire/msgmsg.go:103.2,104.16 2 1
github.com/monetas/bmutil/wire/msgmsg.go:107.2,107.33 1 1
github.com/monetas/bmutil/wire/msgmsg.go:115.2,116.16 2 1
github.com/monetas/bmutil/wire/msgmsg.go:119.2,119.59 1 1
github.com/monetas/bmutil/wire/msgmsg.go:122.2,123.56 2 1
github.com/monetas/bmutil/wire/msgmsg.go:126.2,126.48 1 1
github.com/monetas/bmutil/wire/msgmsg.go:129.2,130.56 2 1
github.com/monetas/bmutil/wire/msgmsg.go:133.2,133.44 1 1
github.com/monetas/bmutil/wire/msgmsg.go:136.2,136.12 1 1
github.com/monetas/bmutil/wire/msgmsg.go:94.16,96.3 1 1
github.com/monetas/bmutil/wire/msgmsg.go:97.69,99.3 1 1
github.com/monetas/bmutil/wire/msgmsg.go:100.67,102.3 1 1
github.com/monetas/bmutil/wire/msgmsg.go:104.16,106.3 1 1
github.com/monetas/bmutil/wire/msgmsg.go:107.33,108.63 1 1
github.com/monetas/bmutil/wire/msgmsg.go:111.3,111.62 1 1
github.com/monetas/bmutil/wire/msgmsg.go:108.63,110.4 1 1
github.com/monetas/bmutil/wire/msgmsg.go:111.62,113.4 1 1
github.com/monetas/bmutil/wire/msgmsg.go:116.16,118.3 1 1
github.com/monetas/bmutil/wire/msgmsg.go:119.59,121.3 1 1
github.com/monetas/bmutil/wire/msgmsg.go:123.56,125.3 1 1
github.com/monetas/bmutil/wire/msgmsg.go:126.48,128.3 1 1
github.com/monetas/bmutil/wire/msgmsg.go:130.56,132.3 1 1
github.com/monetas/bmutil/wire/msgmsg.go:133.44,135.3 1 1
github.com/monetas/bmutil/wire/msgmsg.go:140.59,141.70 1 1
github.com/monetas/bmutil/wire/msgmsg.go:144.2,144.68 1 1
github.com/monetas/bmutil/wire/msgmsg.go:147.2,148.16 2 1
github.com/monetas/bmutil/wire/msgmsg.go:151.2,151.33 1 1
github.com/monetas/bmutil/wire/msgmsg.go:159.2,159.56 1 1
github.com/monetas/bmutil/wire/msgmsg.go:162.2,162.59 1 1
github.com/monetas/bmutil/wire/msgmsg.go:165.2,166.56 2 1
github.com/monetas/bmutil/wire/msgmsg.go:169.2,169.48 1 1
github.com/monetas/bmutil/wire/msgmsg.go:172.2,173.56 2 1
github.com/monetas/bmutil/wire/msgmsg.go:176.2,176.44 1 1
github.com/monetas/bmutil/wire/msgmsg.go:179.2,180.56 2 1
github.com/monetas/bmutil/wire/msgmsg.go:183.2,183.49 1 1
github.com/monetas/bmutil/wire/msgmsg.go:186.2,186.12 1 1
github.com/monetas/bmutil/wire/msgmsg.go:141.70,143.3 1 1
github.com/monetas/bmutil/wire/msgmsg.go:144.68,146.3 1 1
github.com/monetas/bmutil/wire/msgmsg.go:148.16,150.3 1 1
github.com/monetas/bmutil/wire/msgmsg.go:151.33,152.63 1 1
github.com/monetas/bmutil/wire/msgmsg.go:155.3,155.62 1 1
github.com/monetas/bmutil/wire/msgmsg.go:152.63,154.4 1 1
github.com/monetas/bmutil/wire/msgmsg.go:155.62,157.4 1 1
github.com/monetas/bmutil/wire/msgmsg.go:159.56,161.3 1 1
github.com/monetas/bmutil/wire/msgmsg.go:162.59,164.3 1 1
github.com/monetas/bmutil/wire/msgmsg.go:166.56,168.3 1 1
github.com/monetas/bmutil/wire/msgmsg.go:169.48,171.3 1 1
github.com/monetas/bmutil/wire/msgmsg.go:173.56,175.3 1 1
github.com/monetas/bmutil/wire/msgmsg.go:176.44,178.3 1 1
github.com/monetas/bmutil/wire/msgmsg.go:180.56,182.3 1 1
github.com/monetas/bmutil/wire/msgmsg.go:183.49,185.3 1 1
github.com/monetas/bmutil/wire/msgmsg.go:190.59,192.68 2 1
github.com/monetas/bmutil/wire/msgmsg.go:195.2,195.66 1 1
github.com/monetas/bmutil/wire/msgmsg.go:198.2,201.16 4 1
github.com/monetas/bmutil/wire/msgmsg.go:204.2,204.33 1 1
github.com/monetas/bmutil/wire/msgmsg.go:212.2,213.55 2 1
github.com/monetas/bmutil/wire/msgmsg.go:216.2,216.58 1 1
github.com/monetas/bmutil/wire/msgmsg.go:219.2,220.55 2 1
github.com/monetas/bmutil/wire/msgmsg.go:223.2,223.39 1 1
github.com/monetas/bmutil/wire/msgmsg.go:229.2,231.16 3 1
github.com/monetas/bmutil/wire/msgmsg.go:234.2,235.55 2 1
github.com/monetas/bmutil/wire/msgmsg.go:238.2,238.39 1 1
github.com/monetas/bmutil/wire/msgmsg.go:244.2,246.16 3 1
github.com/monetas/bmutil/wire/msgmsg.go:249.2,250.55 2 1
github.com/monetas/bmutil/wire/msgmsg.go:253.2,253.36 1 1
github.com/monetas/bmutil/wire/msgmsg.go:259.2,261.12 3 1
github.com/monetas/bmutil/wire/msgmsg.go:192.68,194.3 1 1
github.com/monetas/bmutil/wire/msgmsg.go:195.66,197.3 1 1
github.com/monetas/bmutil/wire/msgmsg.go:201.16,203.3 1 1
github.com/monetas/bmutil/wire/msgmsg.go:204.33,205.62 1 1
github.com/monetas/bmutil/wire/msgmsg.go:208.3,208.61 1 1
github.com/monetas/bmutil/wire/msgmsg.go:205.62,207.4 1 1
github.com/monetas/bmutil/wire/msgmsg.go:208.61,210.4 1 1
github.com/monetas/bmutil/wire/msgmsg.go:213.55,215.3 1 1
github.com/monetas/bmutil/wire/msgmsg.go:216.58,218.3 1 1
github.com/monetas/bmutil/wire/msgmsg.go:220.55,222.3 1 1
github.com/monetas/bmutil/wire/msgmsg.go:223.39,228.3 2 1
github.com/monetas/bmutil/wire/msgmsg.go:231.16,233.3 1 1
github.com/monetas/bmutil/wire/msgmsg.go:235.55,237.3 1 1
github.com/monetas/bmutil/wire/msgmsg.go:238.39,243.3 2 1
github.com/monetas/bmutil/wire/msgmsg.go:246.16,248.3 1 1
github.com/monetas/bmutil/wire/msgmsg.go:250.55,252.3 1 1
github.com/monetas/bmutil/wire/msgmsg.go:253.36,258.3 2 1
github.com/monetas/bmutil/wire/msgmsg.go:266.299,287.2 1 1
github.com/monetas/bmutil/wire/msgpubkey.go:53.49,57.16 3 1
github.com/monetas/bmutil/wire/msgpubkey.go:61.2,61.40 1 1
github.com/monetas/bmutil/wire/msgpubkey.go:67.2,67.21 1 1
github.com/monetas/bmutil/wire/msgpubkey.go:57.16,59.3 1 1
github.com/monetas/bmutil/wire/msgpubkey.go:61.40,65.3 2 1
github.com/monetas/bmutil/wire/msgpubkey.go:68.2,71.75 3 1
github.com/monetas/bmutil/wire/msgpubkey.go:72.2,77.17 5 1
github.com/monetas/bmutil/wire/msgpubkey.go:80.3,80.62 1 1
github.com/monetas/bmutil/wire/msgpubkey.go:83.3,83.61 1 1
github.com/monetas/bmutil/wire/msgpubkey.go:86.3,86.56 1 1
github.com/monetas/bmutil/wire/msgpubkey.go:89.3,89.37 1 1
github.com/monetas/bmutil/wire/msgpubkey.go:95.3,97.13 3 1
github.com/monetas/bmutil/wire/msgpubkey.go:98.2,100.48 2 1
github.com/monetas/bmutil/wire/msgpubkey.go:105.3,106.13 2 1
github.com/monetas/bmutil/wire/msgpubkey.go:107.2,108.72 1 1
github.com/monetas/bmutil/wire/msgpubkey.go:77.17,79.4 1 1
github.com/monetas/bmutil/wire/msgpubkey.go:80.62,82.4 1 1
github.com/monetas/bmutil/wire/msgpubkey.go:83.61,85.4 1 1
github.com/monetas/bmutil/wire/msgpubkey.go:86.56,88.4 1 1
github.com/monetas/bmutil/wire/msgpubkey.go:89.37,94.4 2 1
github.com/monetas/bmutil/wire/msgpubkey.go:100.48,102.4 1 1
github.com/monetas/bmutil/wire/msgpubkey.go:114.49,117.16 2 1
github.com/monetas/bmutil/wire/msgpubkey.go:121.2,121.21 1 1
github.com/monetas/bmutil/wire/msgpubkey.go:117.16,119.3 1 1
github.com/monetas/bmutil/wire/msgpubkey.go:122.2,123.75 1 1
github.com/monetas/bmutil/wire/msgpubkey.go:124.2,126.17 2 1
github.com/monetas/bmutil/wire/msgpubkey.go:129.3,129.63 1 1
github.com/monetas/bmutil/wire/msgpubkey.go:132.3,132.62 1 1
github.com/monetas/bmutil/wire/msgpubkey.go:135.3,136.57 2 1
github.com/monetas/bmutil/wire/msgpubkey.go:139.3,140.13 2 1
github.com/monetas/bmutil/wire/msgpubkey.go:141.2,142.49 1 1
github.com/monetas/bmutil/wire/msgpubkey.go:147.3,148.13 2 1
github.com/monetas/bmutil/wire/msgpubkey.go:149.2,150.72 1 1
github.com/monetas/bmutil/wire/msgpubkey.go:126.17,128.4 1 1
github.com/monetas/bmutil/wire/msgpubkey.go:129.63,131.4 1 1
github.com/monetas/bmutil/wire/msgpubkey.go:132.62,134.4 1 1
github.com/monetas/bmutil/wire/msgpubkey.go:136.57,138.4 1 1
github.com/monetas/bmutil/wire/msgpubkey.go:142.49,144.4 1 1
github.com/monetas/bmutil/wire/msgpubkey.go:156.40,158.2 1 1
github.com/monetas/bmutil/wire/msgpubkey.go:162.46,165.2 1 1
github.com/monetas/bmutil/wire/msgpubkey.go:167.39,169.2 1 1
github.com/monetas/bmutil/wire/msgpubkey.go:172.59,175.16 2 1
github.com/monetas/bmutil/wire/msgpubkey.go:178.2,178.43 1 1
github.com/monetas/bmutil/wire/msgpubkey.go:184.2,185.16 2 1
github.com/monetas/bmutil/wire/msgpubkey.go:188.2,188.62 1 1
github.com/monetas/bmutil/wire/msgpubkey.go:191.2,191.61 1 1
github.com/monetas/bmutil/wire/msgpubkey.go:195.2,195.12 1 1
github.com/monetas/bmutil/wire/msgpubkey.go:175.16,177.3 1 1
github.com/monetas/bmutil/wire/msgpubkey.go:178.43,180.17 2 1
github.com/monetas/bmutil/wire/msgpubkey.go:180.17,182.4 1 1
github.com/monetas/bmutil/wire/msgpubkey.go:185.16,187.3 1 1
github.com/monetas/bmutil/wire/msgpubkey.go:188.62,190.3 1 1
github.com/monetas/bmutil/wire/msgpubkey.go:191.61,193.3 1 1
github.com/monetas/bmutil/wire/msgpubkey.go:199.62,201.16 2 1
github.com/monetas/bmutil/wire/msgpubkey.go:204.2,204.62 1 1
github.com/monetas/bmutil/wire/msgpubkey.go:207.2,207.61 1 1
github.com/monetas/bmutil/wire/msgpubkey.go:210.2,211.56 2 1
github.com/monetas/bmutil/wire/msgpubkey.go:214.2,214.49 1 1
github.com/monetas/bmutil/wire/msgpubkey.go:217.2,217.12 1 1
github.com/monetas/bmutil/wire/msgpubkey.go:201.16,203.3 1 1
github.com/monetas/bmutil/wire/msgpubkey.go:204.62,206.3 1 1
github.com/monetas/bmutil/wire/msgpubkey.go:207.61,209.3 1 1
github.com/monetas/bmutil/wire/msgpubkey.go:211.56,213.3 1 1
github.com/monetas/bmutil/wire/msgpubkey.go:214.49,216.3 1 1
github.com/monetas/bmutil/wire/msgpubkey.go:221.62,225.16 4 1
github.com/monetas/bmutil/wire/msgpubkey.go:228.2,228.61 1 1
github.com/monetas/bmutil/wire/msgpubkey.go:231.2,231.60 1 1
github.com/monetas/bmutil/wire/msgpubkey.go:234.2,235.55 2 1
github.com/monetas/bmutil/wire/msgpubkey.go:238.2,238.36 1 1
github.com/monetas/bmutil/wire/msgpubkey.go:244.2,246.12 3 1
github.com/monetas/bmutil/wire/msgpubkey.go:225.16,227.3 1 1
github.com/monetas/bmutil/wire/msgpubkey.go:228.61,230.3 1 1
github.com/monetas/bmutil/wire/msgpubkey.go:231.60,233.3 1 1
github.com/monetas/bmutil/wire/msgpubkey.go:235.55,237.3 1 1
github.com/monetas/bmutil/wire/msgpubkey.go:238.36,243.3 2 1
github.com/monetas/bmutil/wire/msgpubkey.go:254.63,270.2 1 1
github.com/monetas/bmutil/wire/ripehash.go:30.38,32.2 1 1
github.com/monetas/bmutil/wire/ripehash.go:35.38,40.2 3 1
github.com/monetas/bmutil/wire/ripehash.go:44.54,46.27 2 1
github.com/monetas/bmutil/wire/ripehash.go:50.2,52.12 2 1
github.com/monetas/bmutil/wire/ripehash.go:46.27,49.3 1 1
github.com/monetas/bmutil/wire/ripehash.go:56.54,58.2 1 1
github.com/monetas/bmutil/wire/ripehash.go:62.53,65.16 3 1
github.com/monetas/bmutil/wire/ripehash.go:68.2,68.19 1 1
github.com/monetas/bmutil/wire/ripehash.go:65.16,67.3 1 1
github.com/monetas/bmutil/wire/ripehash.go:73.57,75.37 1 1
github.com/monetas/bmutil/wire/ripehash.go:80.2,81.16 2 1
github.com/monetas/bmutil/wire/ripehash.go:84.2,84.25 1 1
github.com/monetas/bmutil/wire/ripehash.go:75.37,77.3 1 1
github.com/monetas/bmutil/wire/ripehash.go:81.16,83.3 1 1
github.com/monetas/bmutil/wire/message.go:57.56,59.17 2 1
github.com/monetas/bmutil/wire/message.go:81.2,81.17 1 1
github.com/monetas/bmutil/wire/message.go:60.2,61.22 1 1
github.com/monetas/bmutil/wire/message.go:63.2,64.21 1 1
github.com/monetas/bmutil/wire/message.go:66.2,67.19 1 1
github.com/monetas/bmutil/wire/message.go:69.2,70.18 1 1
github.com/monetas/bmutil/wire/message.go:72.2,73.22 1 1
github.com/monetas/bmutil/wire/message.go:75.2,76.19 1 1
github.com/monetas/bmutil/wire/message.go:78.2,79.60 1 1
github.com/monetas/bmutil/wire/message.go:93.66,100.16 3 1
github.com/monetas/bmutil/wire/message.go:103.2,113.21 6 1
github.com/monetas/bmutil/wire/message.go:100.16,102.3 1 1
github.com/monetas/bmutil/wire/message.go:120.42,124.11 4 1
github.com/monetas/bmutil/wire/message.go:130.2,130.24 1 1
github.com/monetas/bmutil/wire/message.go:124.11,126.41 2 1
github.com/monetas/bmutil/wire/message.go:126.41,128.4 1 1
github.com/monetas/bmutil/wire/message.go:130.24,133.3 2 1
github.com/monetas/bmutil/wire/message.go:139.80,145.28 4 1
github.com/monetas/bmutil/wire/message.go:150.2,155.16 4 1
github.com/monetas/bmutil/wire/message.go:158.2,162.30 3 1
github.com/monetas/bmutil/wire/message.go:170.2,171.16 2 1
github.com/monetas/bmutil/wire/message.go:179.2,194.16 9 1
github.com/monetas/bmutil/wire/message.go:198.2,202.16 3 1
github.com/monetas/bmutil/wire/message.go:206.2,208.24 2 1
github.com/monetas/bmutil/wire/message.go:145.28,149.3 2 1
github.com/monetas/bmutil/wire/message.go:155.16,157.3 1 1
github.com/monetas/bmutil/wire/message.go:162.30,167.3 2 1
github.com/monetas/bmutil/wire/message.go:171.16,176.3 2 1
github.com/monetas/bmutil/wire/message.go:194.16,197.3 2 1
github.com/monetas/bmutil/wire/message.go:202.16,205.3 2 1
github.com/monetas/bmutil/wire/message.go:216.72,219.2 2 1
github.com/monetas/bmutil/wire/message.go:223.73,228.26 3 1
github.com/monetas/bmutil/wire/message.go:257.2,257.17 1 1
github.com/monetas/bmutil/wire/message.go:228.26,232.17 2 1
github.com/monetas/bmutil/wire/message.go:237.3,237.18 1 1
github.com/monetas/bmutil/wire/message.go:232.17,235.4 1 1
github.com/monetas/bmutil/wire/message.go:238.3,239.25 1 1
github.com/monetas/bmutil/wire/message.go:240.3,241.22 1 1
github.com/monetas/bmutil/wire/message.go:242.3,243.19 1 1
github.com/monetas/bmutil/wire/message.go:244.3,245.25 1 1
github.com/monetas/bmutil/wire/message.go:246.3,247.29 1 1
github.com/monetas/bmutil/wire/message.go:249.3,251.17 2 1
github.com/monetas/bmutil/wire/message.go:251.17,254.4 1 1
github.com/monetas/bmutil/wire/message.go:265.83,268.16 3 1
github.com/monetas/bmutil/wire/message.go:273.2,278.36 2 1
github.com/monetas/bmutil/wire/message.go:286.2,286.24 1 1
github.com/monetas/bmutil/wire/message.go:293.2,294.32 2 1
github.com/monetas/bmutil/wire/message.go:300.2,305.16 4 1
github.com/monetas/bmutil/wire/message.go:309.2,310.16 2 1
github.com/monetas/bmutil/wire/message.go:316.2,317.27 2 1
github.com/monetas/bmutil/wire/message.go:325.2,326.48 2 1
github.com/monetas/bmutil/wire/message.go:334.2,335.16 2 1
github.com/monetas/bmutil/wire/message.go:339.2,339.38 1 1
github.com/monetas/bmutil/wire/message.go:268.16,271.3 2 1
github.com/monetas/bmutil/wire/message.go:278.36,283.3 2 1
github.com/monetas/bmutil/wire/message.go:286.24,290.3 3 1
github.com/monetas/bmutil/wire/message.go:294.32,298.3 3 1
github.com/monetas/bmutil/wire/message.go:305.16,307.3 1 1
github.com/monetas/bmutil/wire/message.go:310.16,312.3 1 1
github.com/monetas/bmutil/wire/message.go:317.27,322.3 2 1
github.com/monetas/bmutil/wire/message.go:326.48,331.3 2 1
github.com/monetas/bmutil/wire/message.go:335.16,337.3 1 1
github.com/monetas/bmutil/wire/message.go:347.77,350.2 2 1
github.com/monetas/bmutil/wire/message.go:356.40,360.2 3 1
github.com/monetas/bmutil/wire/msgaddr.go:36.54,37.41 1 1
github.com/monetas/bmutil/wire/msgaddr.go:43.2,44.12 2 1
github.com/monetas/bmutil/wire/msgaddr.go:37.41,41.3 2 1
github.com/monetas/bmutil/wire/msgaddr.go:48.65,49.30 1 1
github.com/monetas/bmutil/wire/msgaddr.go:55.2,55.12 1 1
github.com/monetas/bmutil/wire/msgaddr.go:49.30,51.17 2 1
github.com/monetas/bmutil/wire/msgaddr.go:51.17,53.4 1 1
github.com/monetas/bmutil/wire/msgaddr.go:59.38,61.2 1 1
github.com/monetas/bmutil/wire/msgaddr.go:65.47,67.16 2 1
github.com/monetas/bmutil/wire/msgaddr.go:72.2,72.27 1 1
github.com/monetas/bmutil/wire/msgaddr.go:78.2,79.37 2 1
github.com/monetas/bmutil/wire/msgaddr.go:87.2,87.12 1 1
github.com/monetas/bmutil/wire/msgaddr.go:67.16,69.3 1 1
github.com/monetas/bmutil/wire/msgaddr.go:72.27,76.3 2 1
github.com/monetas/bmutil/wire/msgaddr.go:79.37,82.17 3 1
github.com/monetas/bmutil/wire/msgaddr.go:85.3,85.22 1 1
github.com/monetas/bmutil/wire/msgaddr.go:82.17,84.4 1 1
github.com/monetas/bmutil/wire/msgaddr.go:92.47,94.27 2 1
github.com/monetas/bmutil/wire/msgaddr.go:100.2,101.16 2 1
github.com/monetas/bmutil/wire/msgaddr.go:105.2,105.34 1 1
github.com/monetas/bmutil/wire/msgaddr.go:112.2,112.12 1 1
github.com/monetas/bmutil/wire/msgaddr.go:94.27,98.3 2 1
github.com/monetas/bmutil/wire/msgaddr.go:101.16,103.3 1 1
github.com/monetas/bmutil/wire/msgaddr.go:105.34,107.17 2 1
github.com/monetas/bmutil/wire/msgaddr.go:107.17,109.4 1 1
github.com/monetas/bmutil/wire/msgaddr.go:117.38,119.2 1 1
github.com/monetas/bmutil/wire/msgaddr.go:123.44,127.2 1 1
github.com/monetas/bmutil/wire/msgaddr.go:131.28,135.2 1 1
github.com/monetas/bmutil/wire/msgbroadcast.go:51.52,55.16 3 1
github.com/monetas/bmutil/wire/msgbroadcast.go:59.2,59.43 1 1
github.com/monetas/bmutil/wire/msgbroadcast.go:65.2,65.40 1 1
github.com/monetas/bmutil/wire/msgbroadcast.go:72.2,74.12 2 1
github.com/monetas/bmutil/wire/msgbroadcast.go:55.16,57.3 1 1
github.com/monetas/bmutil/wire/msgbroadcast.go:59.43,63.3 2 1
github.com/monetas/bmutil/wire/msgbroadcast.go:65.40,67.49 2 1
github.com/monetas/bmutil/wire/msgbroadcast.go:67.49,69.4 1 1
github.com/monetas/bmutil/wire/msgbroadcast.go:79.52,82.16 2 1
github.com/monetas/bmutil/wire/msgbroadcast.go:86.2,86.40 1 1
github.com/monetas/bmutil/wire/msgbroadcast.go:92.2,93.12 2 1
github.com/monetas/bmutil/wire/msgbroadcast.go:82.16,84.3 1 1
github.com/monetas/bmutil/wire/msgbroadcast.go:86.40,87.49 1 1
github.com/monetas/bmutil/wire/msgbroadcast.go:87.49,89.4 1 1
github.com/monetas/bmutil/wire/msgbroadcast.go:98.43,100.2 1 1
github.com/monetas/bmutil/wire/msgbroadcast.go:104.49,106.2 1 1
github.com/monetas/bmutil/wire/msgbroadcast.go:108.42,110.2 1 1
github.com/monetas/bmutil/wire/msgbroadcast.go:113.62,116.16 2 1
github.com/monetas/bmutil/wire/msgbroadcast.go:119.2,119.40 1 1
github.com/monetas/bmutil/wire/msgbroadcast.go:125.2,125.69 1 1
github.com/monetas/bmutil/wire/msgbroadcast.go:128.2,128.67 1 1
github.com/monetas/bmutil/wire/msgbroadcast.go:131.2,132.16 2 1
github.com/monetas/bmutil/wire/msgbroadcast.go:135.2,135.33 1 1
github.com/monetas/bmutil/wire/msgbroadcast.go:143.2,143.59 1 1
github.com/monetas/bmutil/wire/msgbroadcast.go:146.2,147.56 2 1
github.com/monetas/bmutil/wire/msgbroadcast.go:150.2,150.48 1 1
github.com/monetas/bmutil/wire/msgbroadcast.go:153.2,153.12 1 1
github.com/monetas/bmutil/wire/msgbroadcast.go:116.16,118.3 1 1
github.com/monetas/bmutil/wire/msgbroadcast.go:119.40,121.17 2 1
github.com/monetas/bmutil/wire/msgbroadcast.go:121.17,123.4 1 1
github.com/monetas/bmutil/wire/msgbroadcast.go:125.69,127.3 1 1
github.com/monetas/bmutil/wire/msgbroadcast.go:128.67,130.3 1 1
github.com/monetas/bmutil/wire/msgbroadcast.go:132.16,134.3 1 1
github.com/monetas/bmutil/wire/msgbroadcast.go:135.33,136.63 1 1
github.com/monetas/bmutil/wire/msgbroadcast.go:139.3,139.62 1 1
github.com/monetas/bmutil/wire/msgbroadcast.go:136.63,138.4 1 1
github.com/monetas/bmutil/wire/msgbroadcast.go:139.62,141.4 1 1
github.com/monetas/bmutil/wire/msgbroadcast.go:143.59,145.3 1 1
github.com/monetas/bmutil/wire/msgbroadcast.go:147.56,149.3 1 1
github.com/monetas/bmutil/wire/msgbroadcast.go:150.48,152.3 1 1
github.com/monetas/bmutil/wire/msgbroadcast.go:157.65,158.70 1 1
github.com/monetas/bmutil/wire/msgbroadcast.go:161.2,161.68 1 1
github.com/monetas/bmutil/wire/msgbroadcast.go:164.2,165.16 2 1
github.com/monetas/bmutil/wire/msgbroadcast.go:168.2,168.33 1 1
github.com/monetas/bmutil/wire/msgbroadcast.go:176.2,176.59 1 1
github.com/monetas/bmutil/wire/msgbroadcast.go:179.2,180.56 2 1
github.com/monetas/bmutil/wire/msgbroadcast.go:183.2,183.48 1 1
github.com/monetas/bmutil/wire/msgbroadcast.go:186.2,187.56 2 1
github.com/monetas/bmutil/wire/msgbroadcast.go:190.2,190.49 1 1
github.com/monetas/bmutil/wire/msgbroadcast.go:193.2,193.12 1 1
github.com/monetas/bmutil/wire/msgbroadcast.go:158.70,160.3 1 1
github.com/monetas/bmutil/wire/msgbroadcast.go:161.68,163.3 1 1
github.com/monetas/bmutil/wire/msgbroadcast.go:165.16,167.3 1 1
github.com/monetas/bmutil/wire/msgbroadcast.go:168.33,169.63 1 1
github.com/monetas/bmutil/wire/msgbroadcast.go:172.3,172.62 1 1
github.com/monetas/bmutil/wire/msgbroadcast.go:169.63,171.4 1 1
github.com/monetas/bmutil/wire/msgbroadcast.go:172.62,174.4 1 1
github.com/monetas/bmutil/wire/msgbroadcast.go:176.59,178.3 1 1
github.com/monetas/bmutil/wire/msgbroadcast.go:180.56,182.3 1 1
github.com/monetas/bmutil/wire/msgbroadcast.go:183.48,185.3 1 1
github.com/monetas/bmutil/wire/msgbroadcast.go:187.56,189.3 1 1
github.com/monetas/bmutil/wire/msgbroadcast.go:190.49,192.3 1 1
github.com/monetas/bmutil/wire/msgbroadcast.go:197.65,199.68 2 1
github.com/monetas/bmutil/wire/msgbroadcast.go:202.2,202.66 1 1
github.com/monetas/bmutil/wire/msgbroadcast.go:205.2,208.16 4 1
github.com/monetas/bmutil/wire/msgbroadcast.go:211.2,211.33 1 1
github.com/monetas/bmutil/wire/msgbroadcast.go:219.2,219.58 1 1
github.com/monetas/bmutil/wire/msgbroadcast.go:222.2,223.55 2 1
github.com/monetas/bmutil/wire/msgbroadcast.go:226.2,226.39 1 1
github.com/monetas/bmutil/wire/msgbroadcast.go:232.2,234.16 3 1
github.com/monetas/bmutil/wire/msgbroadcast.go:237.2,238.55 2 1
github.com/monetas/bmutil/wire/msgbroadcast.go:241.2,241.36 1 1
github.com/monetas/bmutil/wire/msgbroadcast.go:247.2,249.12 3 1
github.com/monetas/bmutil/wire/msgbroadcast.go:199.68,201.3 1 1
github.com/monetas/bmutil/wire/msgbroadcast.go:202.66,204.3 1 1
github.com/monetas/bmutil/wire/msgbroadcast.go:208.16,210.3 1 1
github.com/monetas/bmutil/wire/msgbroadcast.go:211.33,212.62 1 1
github.com/monetas/bmutil/wire/msgbroadcast.go:215.3,215.61 1 1
github.com/monetas/bmutil/wire/msgbroadcast.go:212.62,214.4 1 1
github.com/monetas/bmutil/wire/msgbroadcast.go:215.61,217.4 1 1
github.com/monetas/bmutil/wire/msgbroadcast.go:219.58,221.3 1 1
github.com/monetas/bmutil/wire/msgbroadcast.go:223.55,225.3 1 1
github.com/monetas/bmutil/wire/msgbroadcast.go:226.39,231.3 2 1
github.com/monetas/bmutil/wire/msgbroadcast.go:234.16,236.3 1 1
github.com/monetas/bmutil/wire/msgbroadcast.go:238.55,240.3 1 1
github.com/monetas/bmutil/wire/msgbroadcast.go:241.36,246.3 2 1
github.com/monetas/bmutil/wire/msgbroadcast.go:255.294,275.2 1 1
github.com/monetas/bmutil/wire/msggetdata.go:32.54,33.39 1 1
github.com/monetas/bmutil/wire/msggetdata.go:39.2,40.12 2 1
github.com/monetas/bmutil/wire/msggetdata.go:33.39,37.3 2 1
github.com/monetas/bmutil/wire/msggetdata.go:45.50,47.16 2 1
github.com/monetas/bmutil/wire/msggetdata.go:52.2,52.26 1 1
github.com/monetas/bmutil/wire/msggetdata.go:57.2,58.37 2 1
github.com/monetas/bmutil/wire/msggetdata.go:67.2,67.12 1 1
github.com/monetas/bmutil/wire/msggetdata.go:47.16,49.3 1 1
github.com/monetas/bmutil/wire/msggetdata.go:52.26,55.3 2 1
github.com/monetas/bmutil/wire/msggetdata.go:58.37,61.17 3 1
github.com/monetas/bmutil/wire/msggetdata.go:64.3,64.22 1 1
github.com/monetas/bmutil/wire/msggetdata.go:61.17,63.4 1 1
github.com/monetas/bmutil/wire/msggetdata.go:72.50,75.26 2 1
github.com/monetas/bmutil/wire/msggetdata.go:80.2,81.16 2 1
github.com/monetas/bmutil/wire/msggetdata.go:85.2,85.33 1 1
github.com/monetas/bmutil/wire/msggetdata.go:92.2,92.12 1 1
github.com/monetas/bmutil/wire/msggetdata.go:75.26,78.3 2 1
github.com/monetas/bmutil/wire/msggetdata.go:81.16,83.3 1 1
github.com/monetas/bmutil/wire/msggetdata.go:85.33,87.17 2 1
github.com/monetas/bmutil/wire/msggetdata.go:87.17,89.4 1 1
github.com/monetas/bmutil/wire/msggetdata.go:97.41,99.2 1 1
github.com/monetas/bmutil/wire/msggetdata.go:103.47,106.2 1 1
github.com/monetas/bmutil/wire/msggetdata.go:110.34,114.2 1 1
github.com/monetas/bmutil/wire/msggetdata.go:126.55,128.29 1 1
github.com/monetas/bmutil/wire/msggetdata.go:132.2,134.3 1 1
github.com/monetas/bmutil/wire/msggetdata.go:128.29,130.3 1 1
github.com/monetas/bmutil/wire/msginv.go:38.50,39.39 1 1
github.com/monetas/bmutil/wire/msginv.go:45.2,46.12 2 1
github.com/monetas/bmutil/wire/msginv.go:39.39,43.3 2 1
github.com/monetas/bmutil/wire/msginv.go:51.46,53.16 2 1
github.com/monetas/bmutil/wire/msginv.go:58.2,58.26 1 1
github.com/monetas/bmutil/wire/msginv.go:63.2,64.37 2 1
github.com/monetas/bmutil/wire/msginv.go:73.2,73.12 1 1
github.com/monetas/bmutil/wire/msginv.go:53.16,55.3 1 1
github.com/monetas/bmutil/wire/msginv.go:58.26,61.3 2 1
github.com/monetas/bmutil/wire/msginv.go:64.37,67.17 3 1
github.com/monetas/bmutil/wire/msginv.go:70.3,70.22 1 1
github.com/monetas/bmutil/wire/msginv.go:67.17,69.4 1 1
github.com/monetas/bmutil/wire/msginv.go:78.46,81.26 2 1
github.com/monetas/bmutil/wire/msginv.go:86.2,87.16 2 1
github.com/monetas/bmutil/wire/msginv.go:91.2,91.33 1 1
github.com/monetas/bmutil/wire/msginv.go:98.2,98.12 1 1
github.com/monetas/bmutil/wire/msginv.go:81.26,84.3 2 1
github.com/monetas/bmutil/wire/msginv.go:87.16,89.3 1 1
github.com/monetas/bmutil/wire/msginv.go:91.33,93.17 2 1
github.com/monetas/bmutil/wire/msginv.go:93.17,95.4 1 1
github.com/monetas/bmutil/wire/msginv.go:103.37,105.2 1 1
github.com/monetas/bmutil/wire/msginv.go:109.43,112.2 1 1
github.com/monetas/bmutil/wire/msginv.go:116.26,120.2 1 1
github.com/monetas/bmutil/wire/msginv.go:132.47,134.29 1 1
github.com/monetas/bmutil/wire/msginv.go:138.2,140.3 1 1
github.com/monetas/bmutil/wire/msginv.go:134.29,136.3 1 1
github.com/monetas/bmutil/wire/msgobject.go:51.37,52.24 1 1
github.com/monetas/bmutil/wire/msgobject.go:56.2,56.21 1 1
github.com/monetas/bmutil/wire/msgobject.go:52.24,54.3 1 1
github.com/monetas/bmutil/wire/msgobject.go:63.68,65.16 2 1
github.com/monetas/bmutil/wire/msgobject.go:69.2,70.16 1 1
github.com/monetas/bmutil/wire/msgobject.go:65.16,67.3 1 1
github.com/monetas/bmutil/wire/msgobject.go:76.68,78.16 2 1
github.com/monetas/bmutil/wire/msgobject.go:81.2,81.54 1 1
github.com/monetas/bmutil/wire/msgobject.go:84.2,84.59 1 1
github.com/monetas/bmutil/wire/msgobject.go:87.2,87.12 1 1
github.com/monetas/bmutil/wire/msgobject.go:78.16,80.3 1 1
github.com/monetas/bmutil/wire/msgobject.go:81.54,83.3 1 1
github.com/monetas/bmutil/wire/msgobject.go:84.59,86.3 1 1
github.com/monetas/bmutil/wire/msgobject.go:94.73,97.16 2 1
github.com/monetas/bmutil/wire/msgobject.go:101.2,101.53 1 1
github.com/monetas/bmutil/wire/msgobject.go:105.2,105.58 1 1
github.com/monetas/bmutil/wire/msgobject.go:108.2,108.8 1 1
github.com/monetas/bmutil/wire/msgobject.go:97.16,99.3 1 1
github.com/monetas/bmutil/wire/msgobject.go:101.53,103.3 1 1
github.com/monetas/bmutil/wire/msgobject.go:105.58,107.3 1 1
github.com/monetas/bmutil/wire/msgobject.go:124.49,128.16 3 1
github.com/monetas/bmutil/wire/msgobject.go:132.2,134.12 2 1
github.com/monetas/bmutil/wire/msgobject.go:128.16,130.3 1 1
github.com/monetas/bmutil/wire/msgobject.go:139.49,142.16 2 1
github.com/monetas/bmutil/wire/msgobject.go:146.2,147.12 2 1
github.com/monetas/bmutil/wire/msgobject.go:142.16,144.3 1 1
github.com/monetas/bmutil/wire/msgobject.go:152.40,154.2 1 1
github.com/monetas/bmutil/wire/msgobject.go:158.46,160.2 1 1
github.com/monetas/bmutil/wire/msgobject.go:162.39,165.2 1 1
github.com/monetas/bmutil/wire/msgobject.go:169.48,170.24 1 1
github.com/monetas/bmutil/wire/msgobject.go:174.2,174.20 1 1
github.com/monetas/bmutil/wire/msgobject.go:170.24,173.3 2 1
github.com/monetas/bmutil/wire/msgobject.go:178.41,187.2 5 1
github.com/monetas/bmutil/wire/msgobject.go:190.54,193.16 2 1
github.com/monetas/bmutil/wire/msgobject.go:196.2,197.16 2 1
github.com/monetas/bmutil/wire/msgobject.go:202.2,204.20 3 1
github.com/monetas/bmutil/wire/msgobject.go:193.16,195.3 1 1
github.com/monetas/bmutil/wire/msgobject.go:197.16,199.3 1 1
github.com/monetas/bmutil/wire/msgobject.go:208.51,209.20 1 1
github.com/monetas/bmutil/wire/msgobject.go:210.2,213.21 3 1
github.com/monetas/bmutil/wire/msgobject.go:215.2,216.49 1 1
github.com/monetas/bmutil/wire/msgobject.go:222.132,231.2 1 1
github.com/monetas/bmutil/wire/netaddress.go:24.33,28.2 1 1
github.com/monetas/bmutil/wire/netaddress.go:51.60,52.36 1 1
github.com/monetas/bmutil/wire/netaddress.go:55.2,55.14 1 1
github.com/monetas/bmutil/wire/netaddress.go:52.36,54.3 1 1
github.com/monetas/bmutil/wire/netaddress.go:60.55,62.2 1 1
github.com/monetas/bmutil/wire/netaddress.go:66.58,69.2 2 1
github.com/monetas/bmutil/wire/netaddress.go:73.99,84.2 2 1
github.com/monetas/bmutil/wire/netaddress.go:91.93,93.9 2 1
github.com/monetas/bmutil/wire/netaddress.go:97.2,98.16 2 1
github.com/monetas/bmutil/wire/netaddress.go:93.9,95.3 1 1
github.com/monetas/bmutil/wire/netaddress.go:104.66,111.9 6 1
github.com/monetas/bmutil/wire/netaddress.go:120.2,121.16 2 1
github.com/monetas/bmutil/wire/netaddress.go:124.2,125.16 2 1
github.com/monetas/bmutil/wire/netaddress.go:129.2,133.12 5 1
github.com/monetas/bmutil/wire/netaddress.go:111.9,114.17 3 1
github.com/monetas/bmutil/wire/netaddress.go:117.3,117.41 1 1
github.com/monetas/bmutil/wire/netaddress.go:114.17,116.4 1 1
github.com/monetas/bmutil/wire/netaddress.go:121.16,123.3 1 1
github.com/monetas/bmutil/wire/netaddress.go:125.16,127.3 1 1
github.com/monetas/bmutil/wire/netaddress.go:139.67,140.9 1 1
github.com/monetas/bmutil/wire/netaddress.go:148.2,149.18 2 1
github.com/monetas/bmutil/wire/netaddress.go:152.2,153.16 2 1
github.com/monetas/bmutil/wire/netaddress.go:157.2,158.16 2 1
github.com/monetas/bmutil/wire/netaddress.go:162.2,162.12 1 1
github.com/monetas/bmutil/wire/netaddress.go:140.9,142.17 2 1
github.com/monetas/bmutil/wire/netaddress.go:142.17,144.4 1 1
github.com/monetas/bmutil/wire/netaddress.go:149.18,151.3 1 1
github.com/monetas/bmutil/wire/netaddress.go:153.16,155.3 1 1
github.com/monetas/bmutil/wire/netaddress.go:158.16,160.3 1 1
